[14:56:27.831][info] [#0:/Users/james/.config/coc/extensions/coc-sumneko-lua-data/sumneko-lua-ls/extension/server/main.lua:66]: Lua Lsp startup, root: 	/Users/james/.config/coc/extensions/coc-sumneko-lua-data/sumneko-lua-ls/extension/server
[14:56:27.831][info] [#0:/Users/james/.config/coc/extensions/coc-sumneko-lua-data/sumneko-lua-ls/extension/server/main.lua:67]: ROOT:	/Users/james/.config/coc/extensions/coc-sumneko-lua-data/sumneko-lua-ls/extension/server
[14:56:27.831][info] [#0:/Users/james/.config/coc/extensions/coc-sumneko-lua-data/sumneko-lua-ls/extension/server/main.lua:68]: LOGPATH:	/Users/james/.config/coc/extensions/coc-sumneko-lua-data/sumneko-lua-ls/extension/server/log
[14:56:27.831][info] [#0:/Users/james/.config/coc/extensions/coc-sumneko-lua-data/sumneko-lua-ls/extension/server/main.lua:69]: METAPATH:	/Users/james/.config/coc/extensions/coc-sumneko-lua-data/sumneko-lua-ls/extension/server/meta
[14:56:27.831][info] [#0:/Users/james/.config/coc/extensions/coc-sumneko-lua-data/sumneko-lua-ls/extension/server/main.lua:70]: VERSION:	3.7.1
[14:56:27.845][info] [#0:script/service/service.lua:144]: 
========= Medical Examination Report =========
    --------------- Memory ---------------
        Total: 2.163 MB
        # 00 : 2.163 MB
        # 01 : 0.000 MB
        # 02 : 0.000 MB
        # 03 : 0.000 MB
        # 04 : 0.000 MB
    --------------- Coroutine ---------------
        Total:     0
        Running:   0
        Suspended: 0
        Normal:    0
        Dead:      0
    --------------- Cache ---------------
        Total: 1
        Dead:  0
    ---------------  RPC  ---------------
        Holdon:   0
        Waiting:  0
==============================================
[14:56:27.847][info] [#0:script/client.lua:657]: Client init	{
  capabilities = {
    general = {
      markdown = {
        parser = "marked",
        version = "4.0.10"
      },
      positionEncodings = { "utf-16" },
      regularExpressions = {
        engine = "ECMAScript",
        version = "ES2020"
      },
      staleRequestSupport = {
        cancel = true,
        retryOnContentModified = { "textDocument/inlayHint", "textDocument/semanticTokens/full", "textDocument/semanticTokens/range", "textDocument/semanticTokens/full/delta" }
      }
    },
    textDocument = {
      callHierarchy = {
        dynamicRegistration = true
      },
      codeAction = {
        codeActionLiteralSupport = {
          codeActionKind = {
            valueSet = { "", "quickfix", "refactor", "refactor.extract", "refactor.inline", "refactor.rewrite", "source", "source.organizeImports" }
          }
        },
        dataSupport = true,
        disabledSupport = true,
        dynamicRegistration = true,
        honorsChangeAnnotations = false,
        isPreferredSupport = true,
        resolveSupport = {
          properties = { "edit" }
        }
      },
      codeLens = {
        dynamicRegistration = true
      },
      colorProvider = {
        dynamicRegistration = true
      },
      completion = {
        completionItem = {
          commitCharactersSupport = true,
          deprecatedSupport = true,
          documentationFormat = { "markdown", "plaintext" },
          insertReplaceSupport = true,
          insertTextModeSupport = {
            valueSet = { 1, 2 }
          },
          labelDetailsSupport = true,
          preselectSupport = true,
          resolveSupport = {
            properties = { "documentation", "detail", "additionalTextEdits" }
          },
          snippetSupport = true,
          tagSupport = {
            valueSet = { 1 }
          }
        },
        completionItemKind = {
          valueSet = { 1, 2, 3, 4, 5, 6, 7, 8, 9, 10, 11, 12, 13, 14, 15, 16, 17, 18, 19, 20, 21, 22, 23, 24, 25 }
        },
        completionList = {
          itemDefaults = { "commitCharacters", "editRange", "insertTextFormat", "insertTextMode" }
        },
        contextSupport = true,
        dynamicRegistration = true,
        insertTextMode = 2
      },
      declaration = {
        dynamicRegistration = true,
        linkSupport = true
      },
      definition = {
        dynamicRegistration = true,
        linkSupport = true
      },
      diagnostic = {
        dynamicRegistration = true,
        relatedDocumentSupport = true
      },
      documentHighlight = {
        dynamicRegistration = true
      },
      documentLink = {
        dynamicRegistration = true,
        tooltipSupport = true
      },
      documentSymbol = {
        dynamicRegistration = true,
        hierarchicalDocumentSymbolSupport = true,
        labelSupport = true,
        symbolKind = {
          valueSet = { 1, 2, 3, 4, 5, 6, 7, 8, 9, 10, 11, 12, 13, 14, 15, 16, 17, 18, 19, 20, 21, 22, 23, 24, 25, 26 }
        },
        tagSupport = {
          valueSet = { 1 }
        }
      },
      foldingRange = {
        dynamicRegistration = true,
        foldingRange = {
          collapsedText = false
        },
        foldingRangeKind = {
          valueSet = { "comment", "imports", "region" }
        },
        lineFoldingOnly = true,
        rangeLimit = 5000
      },
      formatting = {
        dynamicRegistration = true
      },
      hover = {
        contentFormat = { "markdown", "plaintext" },
        dynamicRegistration = true
      },
      implementation = {
        dynamicRegistration = true,
        linkSupport = true
      },
      inlayHint = {
        dynamicRegistration = true,
        resolveSupport = {
          properties = { "tooltip", "textEdits", "label.tooltip", "label.location", "label.command" }
        }
      },
      inlineValue = {
        dynamicRegistration = true
      },
      linkedEditingRange = {
        dynamicRegistration = true
      },
      onTypeFormatting = {
        dynamicRegistration = true
      },
      publishDiagnostics = {
        codeDescriptionSupport = true,
        dataSupport = true,
        relatedInformation = true,
        tagSupport = {
          valueSet = { 1, 2 }
        },
        versionSupport = true
      },
      rangeFormatting = {
        dynamicRegistration = true
      },
      references = {
        dynamicRegistration = true
      },
      rename = {
        dynamicRegistration = true,
        honorsChangeAnnotations = true,
        prepareSupport = true,
        prepareSupportDefaultBehavior = 1
      },
      selectionRange = {
        dynamicRegistration = true
      },
      semanticTokens = {
        augmentsSyntaxTokens = true,
        dynamicRegistration = true,
        formats = { "relative" },
        multilineTokenSupport = false,
        overlappingTokenSupport = false,
        requests = {
          full = {
            delta = true
          },
          range = true
        },
        serverCancelSupport = true,
        tokenModifiers = { "declaration", "definition", "readonly", "static", "deprecated", "abstract", "async", "modification", "documentation", "defaultLibrary" },
        tokenTypes = { "namespace", "type", "class", "enum", "interface", "struct", "typeParameter", "parameter", "variable", "property", "enumMember", "event", "function", "method", "macro", "keyword", "modifier", "comment", "string", "number", "regexp", "decorator", "operator" }
      },
      signatureHelp = {
        contextSupport = true,
        dynamicRegistration = true,
        signatureInformation = {
          activeParameterSupport = true,
          documentationFormat = { "markdown", "plaintext" },
          parameterInformation = {
            labelOffsetSupport = true
          }
        }
      },
      synchronization = {
        didSave = true,
        dynamicRegistration = true,
        willSave = true,
        willSaveWaitUntil = true
      },
      typeDefinition = {
        dynamicRegistration = true,
        linkSupport = true
      },
      typeHierarchy = {
        dynamicRegistration = true
      }
    },
    window = {
      showDocument = {
        support = true
      },
      showMessage = {
        messageActionItem = {
          additionalPropertiesSupport = true
        }
      },
      workDoneProgress = true
    },
    workspace = {
      applyEdit = true,
      codeLens = {
        refreshSupport = true
      },
      configuration = true,
      diagnostics = {
        refreshSupport = true
      },
      didChangeConfiguration = {
        dynamicRegistration = true
      },
      didChangeWatchedFiles = {
        dynamicRegistration = true,
        relativePatternSupport = true
      },
      executeCommand = {
        dynamicRegistration = true
      },
      fileOperations = {
        didCreate = true,
        didDelete = true,
        didRename = true,
        dynamicRegistration = true,
        willCreate = true,
        willDelete = true,
        willRename = true
      },
      inlayHint = {
        refreshSupport = true
      },
      inlineValue = {
        refreshSupport = true
      },
      semanticTokens = {
        refreshSupport = true
      },
      symbol = {
        dynamicRegistration = true,
        resolveSupport = {
          properties = { "location.range" }
        },
        symbolKind = {
          valueSet = { 1, 2, 3, 4, 5, 6, 7, 8, 9, 10, 11, 12, 13, 14, 15, 16, 17, 18, 19, 20, 21, 22, 23, 24, 25, 26 }
        },
        tagSupport = {
          valueSet = { 1 }
        }
      },
      workspaceEdit = {
        changeAnnotationSupport = {
          groupsOnLabel = false
        },
        documentChanges = true,
        failureHandling = "undo",
        normalizesLineEndings = true,
        resourceOperations = { "create", "rename", "delete" }
      },
      workspaceFolders = true
    }
  },
  clientInfo = {
    name = "coc.nvim",
    version = "0.0.82"
  },
  initializationOptions = {
    changeConfiguration = true
  },
  locale = "en_GB",
  processId = 48386,
  rootPath = "/Users/james/.config/nvim/lua",
  rootUri = "file:///Users/james/.config/nvim/lua",
  trace = "off",
  workDoneToken = "87716e12-88fb-4a67-9706-2c44caf37e8c",
  workspaceFolders = { {
      name = "lua",
      uri = "file:///Users/james/.config/nvim/lua"
    } }
}
[14:56:27.847][info] [#0:script/language.lua:137]: VSC language: en-us
[14:56:27.847][info] [#0:script/language.lua:138]: LS  language: en-us
[14:56:27.847][info] [#0:script/workspace/workspace.lua:38]: Workspace init root: 	file:///Users/james/.config/nvim/lua
[14:56:27.847][info] [#0:script/workspace/workspace.lua:42]: Log path: 	/Users/james/.config/coc/extensions/coc-sumneko-lua-data/sumneko-lua-ls/extension/server/log/file_Users_james_.config_nvim_lua.log
[14:56:27.848][info] [#0:script/workspace/workspace.lua:48]: Workspace create: 	file:///Users/james/.config/nvim/lua
[14:56:28.055][info] [#0:script/provider/provider.lua:46]: Load config from client	file:///Users/james/.config/nvim/lua
[14:56:28.055][info] [#0:script/provider/provider.lua:47]: {
  Lua = {
    addonManager = {
      enable = true
    },
    codeLens = {
      enable = false
    },
    completion = {
      autoRequire = true,
      callSnippet = "Disable",
      displayContext = 0,
      enable = true,
      keywordSnippet = "Replace",
      postfix = "@",
      requireSeparator = ".",
      showParams = true,
      showWord = "Fallback",
      workspaceWord = true
    },
    diagnostics = {
      disable = {},
      disableScheme = { "git" },
      enable = true,
      globals = {},
      groupFileStatus = {},
      groupSeverity = {},
      ignoredFiles = "Opened",
      libraryFiles = "Opened",
      neededFileStatus = {},
      severity = {},
      unusedLocalExclude = {},
      workspaceDelay = 3000,
      workspaceEvent = "OnSave",
      workspaceRate = 100
    },
    doc = {
      packageName = {},
      privateName = {},
      protectedName = {}
    },
    format = {
      defaultConfig = {},
      enable = true
    },
    hint = {
      arrayIndex = "Auto",
      await = true,
      enable = true,
      paramName = "All",
      paramType = true,
      semicolon = "SameLine",
      setType = false
    },
    hover = {
      enable = true,
      enumsLimit = 5,
      expandAlias = true,
      previewFields = 50,
      viewNumber = true,
      viewString = true,
      viewStringMax = 1000
    },
    misc = {
      executablePath = "",
      parameters = {}
    },
    nameStyle = {
      config = {}
    },
    runtime = {
      builtin = {},
      fileEncoding = "utf8",
      meta = "${version} ${language} ${encoding}",
      nonstandardSymbol = {},
      path = { "?.lua", "?/init.lua" },
      pathStrict = false,
      plugin = "",
      pluginArgs = {},
      special = {},
      unicodeName = false,
      version = "Lua 5.4"
    },
    semantic = {
      annotation = true,
      enable = true,
      keyword = false,
      variable = true
    },
    signatureHelp = {
      enable = true
    },
    spell = {
      dict = {}
    },
    type = {
      castNumberToInteger = true,
      weakNilCheck = false,
      weakUnionCheck = false
    },
    typeFormat = {
      config = {}
    },
    window = {
      progressBar = true,
      statusBar = true
    },
    workspace = {
      checkThirdParty = true,
      ignoreDir = { ".vscode" },
      ignoreSubmodules = true,
      library = { "${3rd}/luv/library", "/opt/homebrew/Cellar/neovim/0.9.4/share/nvim/runtime/lua", "/Users/james/.config/coc/extensions/coc-sumneko-lua-data/neodev/types/nightly" },
      maxPreload = 5000,
      preloadFileSize = 500,
      useGitIgnore = true,
      userThirdParty = {}
    }
  }
}
[14:56:28.160][info] [#0:script/provider/completion.lua:43]: Enable completion.
[14:56:28.161][info] [#0:script/provider/provider.lua:61]: Load config from client	fallback
[14:56:28.162][info] [#0:script/provider/provider.lua:62]: {
  Lua = {
    addonManager = {
      enable = true
    },
    codeLens = {
      enable = false
    },
    completion = {
      autoRequire = true,
      callSnippet = "Disable",
      displayContext = 0,
      enable = true,
      keywordSnippet = "Replace",
      postfix = "@",
      requireSeparator = ".",
      showParams = true,
      showWord = "Fallback",
      workspaceWord = true
    },
    diagnostics = {
      disable = {},
      disableScheme = { "git" },
      enable = true,
      globals = {},
      groupFileStatus = {},
      groupSeverity = {},
      ignoredFiles = "Opened",
      libraryFiles = "Opened",
      neededFileStatus = {},
      severity = {},
      unusedLocalExclude = {},
      workspaceDelay = 3000,
      workspaceEvent = "OnSave",
      workspaceRate = 100
    },
    doc = {
      packageName = {},
      privateName = {},
      protectedName = {}
    },
    format = {
      defaultConfig = {},
      enable = true
    },
    hint = {
      arrayIndex = "Auto",
      await = true,
      enable = true,
      paramName = "All",
      paramType = true,
      semicolon = "SameLine",
      setType = false
    },
    hover = {
      enable = true,
      enumsLimit = 5,
      expandAlias = true,
      previewFields = 50,
      viewNumber = true,
      viewString = true,
      viewStringMax = 1000
    },
    misc = {
      executablePath = "",
      parameters = {}
    },
    nameStyle = {
      config = {}
    },
    runtime = {
      builtin = {},
      fileEncoding = "utf8",
      meta = "${version} ${language} ${encoding}",
      nonstandardSymbol = {},
      path = { "?.lua", "?/init.lua" },
      pathStrict = false,
      plugin = "",
      pluginArgs = {},
      special = {},
      unicodeName = false,
      version = "Lua 5.4"
    },
    semantic = {
      annotation = true,
      enable = true,
      keyword = false,
      variable = true
    },
    signatureHelp = {
      enable = true
    },
    spell = {
      dict = {}
    },
    type = {
      castNumberToInteger = true,
      weakNilCheck = false,
      weakUnionCheck = false
    },
    typeFormat = {
      config = {}
    },
    window = {
      progressBar = true,
      statusBar = true
    },
    workspace = {
      checkThirdParty = true,
      ignoreDir = { ".vscode" },
      ignoreSubmodules = true,
      library = { "${3rd}/luv/library", "/opt/homebrew/Cellar/neovim/0.9.4/share/nvim/runtime/lua", "/Users/james/.config/coc/extensions/coc-sumneko-lua-data/neodev/types/nightly" },
      maxPreload = 5000,
      preloadFileSize = 500,
      useGitIgnore = true,
      userThirdParty = {}
    }
  }
}
[14:56:28.369][info] [#0:script/library.lua:212]: Init builtin library at:	file:///Users/james/.config/nvim/lua
[14:56:28.384][info] [#0:script/plugin.lua:86]: plugin path:	/Users/james/.config/nvim/lua
[14:56:28.384][warn] [#0:script/plugin.lua:101]: plugin not found:	/Users/james/.config/nvim/lua
[14:56:28.384][info] [#0:script/library.lua:212]: Init builtin library at:	nil
[14:56:28.494][info] [#0:script/workspace/workspace.lua:324]: Preload start:	file:///Users/james/.config/nvim/lua
[14:56:28.497][info] [#0:script/workspace/workspace.lua:330]: Scan files at:	file:///Users/james/.config/nvim/lua
[14:56:28.497][info] [#0:script/workspace/workspace.lua:324]: Preload start:	<fallback>
[14:56:28.499][info] [#0:script/workspace/workspace.lua:353]: Scan library at:	file:///Users/james/.config/coc/extensions/coc-sumneko-lua-data/sumneko-lua-ls/extension/server/meta/Lua%205.4%20en-us%20utf8/builtin.lua
[14:56:28.499][info] [#0:script/workspace/workspace.lua:353]: Scan library at:	file:///Users/james/.config/coc/extensions/coc-sumneko-lua-data/neodev/types/nightly
[14:56:28.500][info] [#0:script/workspace/workspace.lua:353]: Scan library at:	file:///Users/james/.config/coc/extensions/coc-sumneko-lua-data/sumneko-lua-ls/extension/server/meta/Lua%205.4%20en-us%20utf8/builtin.lua
[14:56:28.500][info] [#0:script/workspace/workspace.lua:353]: Scan library at:	file:///Users/james/.config/coc/extensions/coc-sumneko-lua-data/neodev/types/nightly
[14:56:28.501][info] [#0:script/workspace/workspace.lua:353]: Scan library at:	file:///Users/james/.config/coc/extensions/coc-sumneko-lua-data/sumneko-lua-ls/extension/server/meta/Lua%205.4%20en-us%20utf8/string.lua
[14:56:28.501][info] [#0:script/workspace/workspace.lua:353]: Scan library at:	file:///Users/james/.config/coc/extensions/coc-sumneko-lua-data/sumneko-lua-ls/extension/server/meta/Lua%205.4%20en-us%20utf8/basic.lua
[14:56:28.501][info] [#0:script/workspace/workspace.lua:353]: Scan library at:	file:///Users/james/.config/coc/extensions/coc-sumneko-lua-data/sumneko-lua-ls/extension/server/meta/Lua%205.4%20en-us%20utf8/math.lua
[14:56:28.501][info] [#0:script/workspace/workspace.lua:353]: Scan library at:	file:///Users/james/.config/coc/extensions/coc-sumneko-lua-data/sumneko-lua-ls/extension/server/meta/Lua%205.4%20en-us%20utf8/utf8.lua
[14:56:28.501][info] [#0:script/workspace/workspace.lua:353]: Scan library at:	file:///Users/james/.config/coc/extensions/coc-sumneko-lua-data/sumneko-lua-ls/extension/server/meta/Lua%205.4%20en-us%20utf8/table.lua
[14:56:28.501][info] [#0:script/workspace/workspace.lua:353]: Scan library at:	file:///Users/james/.config/coc/extensions/coc-sumneko-lua-data/sumneko-lua-ls/extension/server/meta/Lua%205.4%20en-us%20utf8/package.lua
[14:56:28.501][info] [#0:script/workspace/workspace.lua:353]: Scan library at:	file:///Users/james/.config/coc/extensions/coc-sumneko-lua-data/sumneko-lua-ls/extension/server/meta/Lua%205.4%20en-us%20utf8/string.lua
[14:56:28.502][info] [#0:script/workspace/workspace.lua:353]: Scan library at:	file:///Users/james/.config/coc/extensions/coc-sumneko-lua-data/sumneko-lua-ls/extension/server/meta/Lua%205.4%20en-us%20utf8/debug.lua
[14:56:28.502][info] [#0:script/workspace/workspace.lua:353]: Scan library at:	file:///Users/james/.config/coc/extensions/coc-sumneko-lua-data/sumneko-lua-ls/extension/server/meta/Lua%205.4%20en-us%20utf8/basic.lua
[14:56:28.502][info] [#0:script/workspace/workspace.lua:353]: Scan library at:	file:///opt/homebrew/Cellar/neovim/0.9.4/share/nvim/runtime/lua
[14:56:28.502][info] [#0:script/workspace/workspace.lua:353]: Scan library at:	file:///Users/james/.config/coc/extensions/coc-sumneko-lua-data/sumneko-lua-ls/extension/server/meta/Lua%205.4%20en-us%20utf8/math.lua
[14:56:28.502][info] [#0:script/workspace/workspace.lua:353]: Scan library at:	file:///Users/james/.config/coc/extensions/coc-sumneko-lua-data/sumneko-lua-ls/extension/server/meta/Lua%205.4%20en-us%20utf8/utf8.lua
[14:56:28.502][info] [#0:script/workspace/workspace.lua:353]: Scan library at:	file:///Users/james/.config/coc/extensions/coc-sumneko-lua-data/sumneko-lua-ls/extension/server/meta/Lua%205.4%20en-us%20utf8/table.lua
[14:56:28.502][info] [#0:script/workspace/workspace.lua:353]: Scan library at:	file:///Users/james/.config/coc/extensions/coc-sumneko-lua-data/sumneko-lua-ls/extension/server/meta/Lua%205.4%20en-us%20utf8/package.lua
[14:56:28.503][info] [#0:script/workspace/workspace.lua:353]: Scan library at:	file:///Users/james/.config/coc/extensions/coc-sumneko-lua-data/sumneko-lua-ls/extension/server/meta/Lua%205.4%20en-us%20utf8/debug.lua
[14:56:28.503][info] [#0:script/workspace/workspace.lua:353]: Scan library at:	file:///opt/homebrew/Cellar/neovim/0.9.4/share/nvim/runtime/lua
[14:56:28.506][info] [#0:script/workspace/workspace.lua:353]: Scan library at:	file:///Users/james/.config/coc/extensions/coc-sumneko-lua-data/sumneko-lua-ls/extension/server/meta/Lua%205.4%20en-us%20utf8/io.lua
[14:56:28.506][info] [#0:script/workspace/workspace.lua:353]: Scan library at:	file:///Users/james/.config/coc/extensions/coc-sumneko-lua-data/sumneko-lua-ls/extension/server/meta/Lua%205.4%20en-us%20utf8/coroutine.lua
[14:56:28.506][info] [#0:script/workspace/workspace.lua:353]: Scan library at:	file:///Users/james/.config/coc/extensions/coc-sumneko-lua-data/sumneko-lua-ls/extension/server/meta/Lua%205.4%20en-us%20utf8/os.lua
[14:56:28.506][info] [#0:script/workspace/workspace.lua:353]: Scan library at:	file:///Users/james/.config/coc/extensions/coc-sumneko-lua-data/sumneko-lua-ls/extension/server/meta/3rd/luv/library
[14:56:28.507][info] [#0:script/workspace/workspace.lua:353]: Scan library at:	file:///Users/james/.config/coc/extensions/coc-sumneko-lua-data/sumneko-lua-ls/extension/server/meta/Lua%205.4%20en-us%20utf8/io.lua
[14:56:28.507][info] [#0:script/workspace/workspace.lua:353]: Scan library at:	file:///Users/james/.config/coc/extensions/coc-sumneko-lua-data/sumneko-lua-ls/extension/server/meta/Lua%205.4%20en-us%20utf8/coroutine.lua
[14:56:28.508][info] [#0:script/workspace/workspace.lua:353]: Scan library at:	file:///Users/james/.config/coc/extensions/coc-sumneko-lua-data/sumneko-lua-ls/extension/server/meta/Lua%205.4%20en-us%20utf8/os.lua
[14:56:28.508][info] [#0:script/workspace/workspace.lua:353]: Scan library at:	file:///Users/james/.config/coc/extensions/coc-sumneko-lua-data/sumneko-lua-ls/extension/server/meta/3rd/luv/library
[14:56:28.613][info] [#0:script/workspace/workspace.lua:379]: Found 98 files at:	<fallback>
[14:56:28.613][info] [#0:script/workspace/loading.lua:161]: Load files from disk:	<fallback>
[14:56:28.613][info] [#0:script/workspace/workspace.lua:379]: Found 103 files at:	file:///Users/james/.config/nvim/lua
[14:56:28.613][info] [#0:script/workspace/loading.lua:161]: Load files from disk:	file:///Users/james/.config/nvim/lua
[14:56:28.614][info] [#0:script/workspace/loading.lua:101]: Preload file at: file:///Users/james/.config/coc/extensions/coc-sumneko-lua-data/sumneko-lua-ls/extension/server/meta/3rd/luv/library/luv_thread_t.lua , size = 0.500 KB
[14:56:28.616][info] [#0:script/workspace/loading.lua:113]: ++++As library of:	file:///Users/james/.config/coc/extensions/coc-sumneko-lua-data/sumneko-lua-ls/extension/server/meta/3rd/luv/library
[14:56:28.616][info] [#0:script/workspace/loading.lua:98]: Skip loaded file: file:///Users/james/.config/coc/extensions/coc-sumneko-lua-data/sumneko-lua-ls/extension/server/meta/3rd/luv/library/luv_thread_t.lua
[14:56:28.616][info] [#0:script/workspace/loading.lua:101]: Preload file at: file:///Users/james/.config/coc/extensions/coc-sumneko-lua-data/sumneko-lua-ls/extension/server/meta/3rd/luv/library/uv_async_t.lua , size = 1.058 KB
[14:56:28.617][info] [#0:script/workspace/loading.lua:113]: ++++As library of:	file:///Users/james/.config/coc/extensions/coc-sumneko-lua-data/sumneko-lua-ls/extension/server/meta/3rd/luv/library
[14:56:28.617][info] [#0:script/workspace/loading.lua:98]: Skip loaded file: file:///Users/james/.config/coc/extensions/coc-sumneko-lua-data/sumneko-lua-ls/extension/server/meta/3rd/luv/library/uv_async_t.lua
[14:56:28.617][info] [#0:script/workspace/loading.lua:101]: Preload file at: file:///Users/james/.config/coc/extensions/coc-sumneko-lua-data/sumneko-lua-ls/extension/server/meta/3rd/luv/library/errors.lua , size = 15.165 KB
[14:56:28.626][info] [#0:script/workspace/loading.lua:113]: ++++As library of:	file:///Users/james/.config/coc/extensions/coc-sumneko-lua-data/sumneko-lua-ls/extension/server/meta/3rd/luv/library
[14:56:28.626][info] [#0:script/workspace/loading.lua:98]: Skip loaded file: file:///Users/james/.config/coc/extensions/coc-sumneko-lua-data/sumneko-lua-ls/extension/server/meta/3rd/luv/library/errors.lua
[14:56:28.627][info] [#0:script/workspace/loading.lua:101]: Preload file at: file:///Users/james/.config/coc/extensions/coc-sumneko-lua-data/sumneko-lua-ls/extension/server/meta/3rd/luv/library/uv.lua , size = 98.128 KB
[14:56:28.663][info] [#0:script/workspace/loading.lua:113]: ++++As library of:	file:///Users/james/.config/coc/extensions/coc-sumneko-lua-data/sumneko-lua-ls/extension/server/meta/3rd/luv/library
[14:56:28.663][info] [#0:script/workspace/loading.lua:98]: Skip loaded file: file:///Users/james/.config/coc/extensions/coc-sumneko-lua-data/sumneko-lua-ls/extension/server/meta/3rd/luv/library/uv.lua
[14:56:28.663][info] [#0:script/workspace/loading.lua:101]: Preload file at: file:///Users/james/.config/coc/extensions/coc-sumneko-lua-data/sumneko-lua-ls/extension/server/meta/3rd/luv/library/uv_check_t.lua , size = 0.694 KB
[14:56:28.664][info] [#0:script/workspace/loading.lua:113]: ++++As library of:	file:///Users/james/.config/coc/extensions/coc-sumneko-lua-data/sumneko-lua-ls/extension/server/meta/3rd/luv/library
[14:56:28.664][info] [#0:script/workspace/loading.lua:98]: Skip loaded file: file:///Users/james/.config/coc/extensions/coc-sumneko-lua-data/sumneko-lua-ls/extension/server/meta/3rd/luv/library/uv_check_t.lua
[14:56:28.664][info] [#0:script/workspace/loading.lua:101]: Preload file at: file:///Users/james/.config/coc/extensions/coc-sumneko-lua-data/sumneko-lua-ls/extension/server/meta/3rd/luv/library/uv_idle_t.lua , size = 1.074 KB
[14:56:28.665][info] [#0:script/workspace/loading.lua:113]: ++++As library of:	file:///Users/james/.config/coc/extensions/coc-sumneko-lua-data/sumneko-lua-ls/extension/server/meta/3rd/luv/library
[14:56:28.665][info] [#0:script/workspace/loading.lua:98]: Skip loaded file: file:///Users/james/.config/coc/extensions/coc-sumneko-lua-data/sumneko-lua-ls/extension/server/meta/3rd/luv/library/uv_idle_t.lua
[14:56:28.665][info] [#0:script/workspace/loading.lua:101]: Preload file at: file:///Users/james/.config/coc/extensions/coc-sumneko-lua-data/sumneko-lua-ls/extension/server/meta/3rd/luv/library/luv_dir_t.lua , size = 1.056 KB
[14:56:28.665][info] [#0:script/workspace/loading.lua:113]: ++++As library of:	file:///Users/james/.config/coc/extensions/coc-sumneko-lua-data/sumneko-lua-ls/extension/server/meta/3rd/luv/library
[14:56:28.665][info] [#0:script/workspace/loading.lua:98]: Skip loaded file: file:///Users/james/.config/coc/extensions/coc-sumneko-lua-data/sumneko-lua-ls/extension/server/meta/3rd/luv/library/luv_dir_t.lua
[14:56:28.665][info] [#0:script/workspace/loading.lua:101]: Preload file at: file:///Users/james/.config/coc/extensions/coc-sumneko-lua-data/sumneko-lua-ls/extension/server/meta/3rd/luv/library/uv_fs_event_t.lua , size = 1.033 KB
[14:56:28.666][info] [#0:script/workspace/loading.lua:113]: ++++As library of:	file:///Users/james/.config/coc/extensions/coc-sumneko-lua-data/sumneko-lua-ls/extension/server/meta/3rd/luv/library
[14:56:28.666][info] [#0:script/workspace/loading.lua:98]: Skip loaded file: file:///Users/james/.config/coc/extensions/coc-sumneko-lua-data/sumneko-lua-ls/extension/server/meta/3rd/luv/library/uv_fs_event_t.lua
[14:56:28.666][info] [#0:script/workspace/loading.lua:101]: Preload file at: file:///Users/james/.config/coc/extensions/coc-sumneko-lua-data/sumneko-lua-ls/extension/server/meta/3rd/luv/library/uv_stream_t.lua , size = 5.906 KB
[14:56:28.668][info] [#0:script/workspace/loading.lua:113]: ++++As library of:	file:///Users/james/.config/coc/extensions/coc-sumneko-lua-data/sumneko-lua-ls/extension/server/meta/3rd/luv/library
[14:56:28.668][info] [#0:script/workspace/loading.lua:98]: Skip loaded file: file:///Users/james/.config/coc/extensions/coc-sumneko-lua-data/sumneko-lua-ls/extension/server/meta/3rd/luv/library/uv_stream_t.lua
[14:56:28.668][info] [#0:script/workspace/loading.lua:101]: Preload file at: file:///Users/james/.config/coc/extensions/coc-sumneko-lua-data/sumneko-lua-ls/extension/server/meta/3rd/luv/library/uv_tcp_t.lua , size = 3.923 KB
[14:56:28.669][info] [#0:script/workspace/loading.lua:113]: ++++As library of:	file:///Users/james/.config/coc/extensions/coc-sumneko-lua-data/sumneko-lua-ls/extension/server/meta/3rd/luv/library
[14:56:28.669][info] [#0:script/workspace/loading.lua:98]: Skip loaded file: file:///Users/james/.config/coc/extensions/coc-sumneko-lua-data/sumneko-lua-ls/extension/server/meta/3rd/luv/library/uv_tcp_t.lua
[14:56:28.669][info] [#0:script/workspace/loading.lua:101]: Preload file at: file:///Users/james/.config/coc/extensions/coc-sumneko-lua-data/sumneko-lua-ls/extension/server/meta/3rd/luv/library/uv_tty_t.lua , size = 1.135 KB
[14:56:28.669][info] [#0:script/workspace/loading.lua:113]: ++++As library of:	file:///Users/james/.config/coc/extensions/coc-sumneko-lua-data/sumneko-lua-ls/extension/server/meta/3rd/luv/library
[14:56:28.669][info] [#0:script/workspace/loading.lua:98]: Skip loaded file: file:///Users/james/.config/coc/extensions/coc-sumneko-lua-data/sumneko-lua-ls/extension/server/meta/3rd/luv/library/uv_tty_t.lua
[14:56:28.669][info] [#0:script/workspace/loading.lua:101]: Preload file at: file:///Users/james/.config/coc/extensions/coc-sumneko-lua-data/sumneko-lua-ls/extension/server/meta/3rd/luv/library/uv_prepare_t.lua , size = 0.716 KB
[14:56:28.670][info] [#0:script/workspace/loading.lua:113]: ++++As library of:	file:///Users/james/.config/coc/extensions/coc-sumneko-lua-data/sumneko-lua-ls/extension/server/meta/3rd/luv/library
[14:56:28.670][info] [#0:script/workspace/loading.lua:98]: Skip loaded file: file:///Users/james/.config/coc/extensions/coc-sumneko-lua-data/sumneko-lua-ls/extension/server/meta/3rd/luv/library/uv_prepare_t.lua
[14:56:28.670][info] [#0:script/workspace/loading.lua:101]: Preload file at: file:///Users/james/.config/coc/extensions/coc-sumneko-lua-data/sumneko-lua-ls/extension/server/meta/3rd/luv/library/uv_handle_t.lua , size = 5.129 KB
[14:56:28.671][info] [#0:script/workspace/loading.lua:113]: ++++As library of:	file:///Users/james/.config/coc/extensions/coc-sumneko-lua-data/sumneko-lua-ls/extension/server/meta/3rd/luv/library
[14:56:28.671][info] [#0:script/workspace/loading.lua:98]: Skip loaded file: file:///Users/james/.config/coc/extensions/coc-sumneko-lua-data/sumneko-lua-ls/extension/server/meta/3rd/luv/library/uv_handle_t.lua
[14:56:28.671][info] [#0:script/workspace/loading.lua:101]: Preload file at: file:///Users/james/.config/coc/extensions/coc-sumneko-lua-data/sumneko-lua-ls/extension/server/meta/3rd/luv/library/luv_work_ctx_t.lua , size = 0.530 KB
[14:56:28.672][info] [#0:script/workspace/loading.lua:113]: ++++As library of:	file:///Users/james/.config/coc/extensions/coc-sumneko-lua-data/sumneko-lua-ls/extension/server/meta/3rd/luv/library
[14:56:28.672][info] [#0:script/workspace/loading.lua:98]: Skip loaded file: file:///Users/james/.config/coc/extensions/coc-sumneko-lua-data/sumneko-lua-ls/extension/server/meta/3rd/luv/library/luv_work_ctx_t.lua
[14:56:28.672][info] [#0:script/workspace/loading.lua:101]: Preload file at: file:///Users/james/.config/coc/extensions/coc-sumneko-lua-data/sumneko-lua-ls/extension/server/meta/3rd/luv/library/uv_poll_t.lua , size = 2.646 KB
[14:56:28.672][info] [#0:script/workspace/loading.lua:113]: ++++As library of:	file:///Users/james/.config/coc/extensions/coc-sumneko-lua-data/sumneko-lua-ls/extension/server/meta/3rd/luv/library
[14:56:28.672][info] [#0:script/workspace/loading.lua:98]: Skip loaded file: file:///Users/james/.config/coc/extensions/coc-sumneko-lua-data/sumneko-lua-ls/extension/server/meta/3rd/luv/library/uv_poll_t.lua
[14:56:28.672][info] [#0:script/workspace/loading.lua:101]: Preload file at: file:///Users/james/.config/coc/extensions/coc-sumneko-lua-data/sumneko-lua-ls/extension/server/meta/3rd/luv/library/uv_process_t.lua , size = 0.617 KB
[14:56:28.673][info] [#0:script/workspace/loading.lua:113]: ++++As library of:	file:///Users/james/.config/coc/extensions/coc-sumneko-lua-data/sumneko-lua-ls/extension/server/meta/3rd/luv/library
[14:56:28.673][info] [#0:script/workspace/loading.lua:98]: Skip loaded file: file:///Users/james/.config/coc/extensions/coc-sumneko-lua-data/sumneko-lua-ls/extension/server/meta/3rd/luv/library/uv_process_t.lua
[14:56:28.673][info] [#0:script/workspace/loading.lua:101]: Preload file at: file:///Users/james/.config/coc/extensions/coc-sumneko-lua-data/sumneko-lua-ls/extension/server/meta/3rd/luv/library/uv_udp_t.lua , size = 5.970 KB
[14:56:28.675][info] [#0:script/workspace/loading.lua:113]: ++++As library of:	file:///Users/james/.config/coc/extensions/coc-sumneko-lua-data/sumneko-lua-ls/extension/server/meta/3rd/luv/library
[14:56:28.675][info] [#0:script/workspace/loading.lua:98]: Skip loaded file: file:///Users/james/.config/coc/extensions/coc-sumneko-lua-data/sumneko-lua-ls/extension/server/meta/3rd/luv/library/uv_udp_t.lua
[14:56:28.675][info] [#0:script/workspace/loading.lua:101]: Preload file at: file:///Users/james/.config/coc/extensions/coc-sumneko-lua-data/sumneko-lua-ls/extension/server/meta/3rd/luv/library/uv_signal_t.lua , size = 2.997 KB
[14:56:28.676][info] [#0:script/workspace/loading.lua:113]: ++++As library of:	file:///Users/james/.config/coc/extensions/coc-sumneko-lua-data/sumneko-lua-ls/extension/server/meta/3rd/luv/library
[14:56:28.676][info] [#0:script/workspace/loading.lua:98]: Skip loaded file: file:///Users/james/.config/coc/extensions/coc-sumneko-lua-data/sumneko-lua-ls/extension/server/meta/3rd/luv/library/uv_signal_t.lua
[14:56:28.676][info] [#0:script/workspace/loading.lua:101]: Preload file at: file:///Users/james/.config/coc/extensions/coc-sumneko-lua-data/sumneko-lua-ls/extension/server/meta/3rd/luv/library/uv_timer_t.lua , size = 1.999 KB
[14:56:28.678][info] [#0:script/workspace/loading.lua:113]: ++++As library of:	file:///Users/james/.config/coc/extensions/coc-sumneko-lua-data/sumneko-lua-ls/extension/server/meta/3rd/luv/library
[14:56:28.678][info] [#0:script/workspace/loading.lua:98]: Skip loaded file: file:///Users/james/.config/coc/extensions/coc-sumneko-lua-data/sumneko-lua-ls/extension/server/meta/3rd/luv/library/uv_timer_t.lua
[14:56:28.678][info] [#0:script/workspace/loading.lua:101]: Preload file at: file:///Users/james/.config/coc/extensions/coc-sumneko-lua-data/sumneko-lua-ls/extension/server/meta/3rd/luv/library/uv_pipe_t.lua , size = 2.988 KB
[14:56:28.679][info] [#0:script/workspace/loading.lua:113]: ++++As library of:	file:///Users/james/.config/coc/extensions/coc-sumneko-lua-data/sumneko-lua-ls/extension/server/meta/3rd/luv/library
[14:56:28.679][info] [#0:script/workspace/loading.lua:98]: Skip loaded file: file:///Users/james/.config/coc/extensions/coc-sumneko-lua-data/sumneko-lua-ls/extension/server/meta/3rd/luv/library/uv_pipe_t.lua
[14:56:28.679][info] [#0:script/workspace/loading.lua:101]: Preload file at: file:///Users/james/.config/coc/extensions/coc-sumneko-lua-data/sumneko-lua-ls/extension/server/meta/3rd/luv/library/types.lua , size = 17.131 KB
[14:56:28.684][info] [#0:script/workspace/loading.lua:113]: ++++As library of:	file:///Users/james/.config/coc/extensions/coc-sumneko-lua-data/sumneko-lua-ls/extension/server/meta/3rd/luv/library
[14:56:28.684][info] [#0:script/workspace/loading.lua:98]: Skip loaded file: file:///Users/james/.config/coc/extensions/coc-sumneko-lua-data/sumneko-lua-ls/extension/server/meta/3rd/luv/library/types.lua
[14:56:28.684][info] [#0:script/workspace/loading.lua:101]: Preload file at: file:///Users/james/.config/coc/extensions/coc-sumneko-lua-data/sumneko-lua-ls/extension/server/meta/3rd/luv/library/uv_fs_poll_t.lua , size = 1.140 KB
[14:56:28.684][info] [#0:script/workspace/loading.lua:113]: ++++As library of:	file:///Users/james/.config/coc/extensions/coc-sumneko-lua-data/sumneko-lua-ls/extension/server/meta/3rd/luv/library
[14:56:28.684][info] [#0:script/workspace/loading.lua:98]: Skip loaded file: file:///Users/james/.config/coc/extensions/coc-sumneko-lua-data/sumneko-lua-ls/extension/server/meta/3rd/luv/library/uv_fs_poll_t.lua
[14:56:28.684][info] [#0:script/workspace/loading.lua:101]: Preload file at: file:///Users/james/.config/coc/extensions/coc-sumneko-lua-data/sumneko-lua-ls/extension/server/meta/3rd/luv/library/uv_req_t.lua , size = 0.705 KB
[14:56:28.685][info] [#0:script/workspace/loading.lua:113]: ++++As library of:	file:///Users/james/.config/coc/extensions/coc-sumneko-lua-data/sumneko-lua-ls/extension/server/meta/3rd/luv/library
[14:56:28.685][info] [#0:script/workspace/loading.lua:98]: Skip loaded file: file:///Users/james/.config/coc/extensions/coc-sumneko-lua-data/sumneko-lua-ls/extension/server/meta/3rd/luv/library/uv_req_t.lua
[14:56:28.685][info] [#0:script/workspace/loading.lua:101]: Preload file at: file:///Users/james/.config/coc/extensions/coc-sumneko-lua-data/sumneko-lua-ls/extension/server/meta/Lua%205.4%20en-us%20utf8/os.lua , size = 5.600 KB
[14:56:28.686][info] [#0:script/workspace/loading.lua:113]: ++++As library of:	file:///Users/james/.config/coc/extensions/coc-sumneko-lua-data/sumneko-lua-ls/extension/server/meta/Lua%205.4%20en-us%20utf8/os.lua
[14:56:28.686][info] [#0:script/workspace/loading.lua:98]: Skip loaded file: file:///Users/james/.config/coc/extensions/coc-sumneko-lua-data/sumneko-lua-ls/extension/server/meta/Lua%205.4%20en-us%20utf8/os.lua
[14:56:28.686][info] [#0:script/workspace/loading.lua:101]: Preload file at: file:///Users/james/.config/coc/extensions/coc-sumneko-lua-data/sumneko-lua-ls/extension/server/meta/Lua%205.4%20en-us%20utf8/coroutine.lua , size = 2.590 KB
[14:56:28.687][info] [#0:script/workspace/loading.lua:113]: ++++As library of:	file:///Users/james/.config/coc/extensions/coc-sumneko-lua-data/sumneko-lua-ls/extension/server/meta/Lua%205.4%20en-us%20utf8/coroutine.lua
[14:56:28.687][info] [#0:script/workspace/loading.lua:98]: Skip loaded file: file:///Users/james/.config/coc/extensions/coc-sumneko-lua-data/sumneko-lua-ls/extension/server/meta/Lua%205.4%20en-us%20utf8/coroutine.lua
[14:56:28.687][info] [#0:script/workspace/loading.lua:101]: Preload file at: file:///Users/james/.config/coc/extensions/coc-sumneko-lua-data/sumneko-lua-ls/extension/server/meta/Lua%205.4%20en-us%20utf8/io.lua , size = 6.364 KB
[14:56:28.689][info] [#0:script/workspace/loading.lua:113]: ++++As library of:	file:///Users/james/.config/coc/extensions/coc-sumneko-lua-data/sumneko-lua-ls/extension/server/meta/Lua%205.4%20en-us%20utf8/io.lua
[14:56:28.689][info] [#0:script/workspace/loading.lua:98]: Skip loaded file: file:///Users/james/.config/coc/extensions/coc-sumneko-lua-data/sumneko-lua-ls/extension/server/meta/Lua%205.4%20en-us%20utf8/io.lua
[14:56:28.689][info] [#0:script/workspace/loading.lua:101]: Preload file at: file:///opt/homebrew/Cellar/neovim/0.9.4/share/nvim/runtime/lua/vim/loader.lua , size = 16.182 KB
[14:56:28.695][info] [#0:script/workspace/loading.lua:113]: ++++As library of:	file:///opt/homebrew/Cellar/neovim/0.9.4/share/nvim/runtime/lua
[14:56:28.695][info] [#0:script/workspace/loading.lua:98]: Skip loaded file: file:///opt/homebrew/Cellar/neovim/0.9.4/share/nvim/runtime/lua/vim/loader.lua
[14:56:28.695][info] [#0:script/workspace/loading.lua:101]: Preload file at: file:///opt/homebrew/Cellar/neovim/0.9.4/share/nvim/runtime/lua/vim/shared.lua , size = 22.292 KB
[14:56:28.704][info] [#0:script/workspace/loading.lua:113]: ++++As library of:	file:///opt/homebrew/Cellar/neovim/0.9.4/share/nvim/runtime/lua
[14:56:28.704][info] [#0:script/workspace/loading.lua:98]: Skip loaded file: file:///opt/homebrew/Cellar/neovim/0.9.4/share/nvim/runtime/lua/vim/shared.lua
[14:56:28.704][info] [#0:script/workspace/loading.lua:101]: Preload file at: file:///opt/homebrew/Cellar/neovim/0.9.4/share/nvim/runtime/lua/vim/diagnostic.lua , size = 56.640 KB
[14:56:28.718][info] [#0:script/workspace/loading.lua:113]: ++++As library of:	file:///opt/homebrew/Cellar/neovim/0.9.4/share/nvim/runtime/lua
[14:56:28.718][info] [#0:script/workspace/loading.lua:98]: Skip loaded file: file:///opt/homebrew/Cellar/neovim/0.9.4/share/nvim/runtime/lua/vim/diagnostic.lua
[14:56:28.718][info] [#0:script/workspace/loading.lua:101]: Preload file at: file:///opt/homebrew/Cellar/neovim/0.9.4/share/nvim/runtime/lua/vim/_inspector.lua , size = 7.915 KB
[14:56:28.720][info] [#0:script/workspace/loading.lua:113]: ++++As library of:	file:///opt/homebrew/Cellar/neovim/0.9.4/share/nvim/runtime/lua
[14:56:28.720][info] [#0:script/workspace/loading.lua:98]: Skip loaded file: file:///opt/homebrew/Cellar/neovim/0.9.4/share/nvim/runtime/lua/vim/_inspector.lua
[14:56:28.720][info] [#0:script/workspace/loading.lua:101]: Preload file at: file:///opt/homebrew/Cellar/neovim/0.9.4/share/nvim/runtime/lua/vim/treesitter/_meta.lua , size = 2.839 KB
[14:56:28.721][info] [#0:script/workspace/loading.lua:113]: ++++As library of:	file:///opt/homebrew/Cellar/neovim/0.9.4/share/nvim/runtime/lua
[14:56:28.721][info] [#0:script/workspace/loading.lua:98]: Skip loaded file: file:///opt/homebrew/Cellar/neovim/0.9.4/share/nvim/runtime/lua/vim/treesitter/_meta.lua
[14:56:28.721][info] [#0:script/workspace/loading.lua:101]: Preload file at: file:///opt/homebrew/Cellar/neovim/0.9.4/share/nvim/runtime/lua/vim/treesitter/_fold.lua , size = 8.207 KB
[14:56:28.724][info] [#0:script/workspace/loading.lua:113]: ++++As library of:	file:///opt/homebrew/Cellar/neovim/0.9.4/share/nvim/runtime/lua
[14:56:28.724][info] [#0:script/workspace/loading.lua:98]: Skip loaded file: file:///opt/homebrew/Cellar/neovim/0.9.4/share/nvim/runtime/lua/vim/treesitter/_fold.lua
[14:56:28.724][info] [#0:script/workspace/loading.lua:101]: Preload file at: file:///opt/homebrew/Cellar/neovim/0.9.4/share/nvim/runtime/lua/vim/treesitter/_range.lua , size = 3.646 KB
[14:56:28.725][info] [#0:script/workspace/loading.lua:113]: ++++As library of:	file:///opt/homebrew/Cellar/neovim/0.9.4/share/nvim/runtime/lua
[14:56:28.725][info] [#0:script/workspace/loading.lua:98]: Skip loaded file: file:///opt/homebrew/Cellar/neovim/0.9.4/share/nvim/runtime/lua/vim/treesitter/_range.lua
[14:56:28.725][info] [#0:script/workspace/loading.lua:101]: Preload file at: file:///opt/homebrew/Cellar/neovim/0.9.4/share/nvim/runtime/lua/vim/treesitter/health.lua , size = 0.888 KB
[14:56:28.726][info] [#0:script/workspace/loading.lua:113]: ++++As library of:	file:///opt/homebrew/Cellar/neovim/0.9.4/share/nvim/runtime/lua
[14:56:28.726][info] [#0:script/workspace/loading.lua:98]: Skip loaded file: file:///opt/homebrew/Cellar/neovim/0.9.4/share/nvim/runtime/lua/vim/treesitter/health.lua
[14:56:28.726][info] [#0:script/workspace/loading.lua:101]: Preload file at: file:///opt/homebrew/Cellar/neovim/0.9.4/share/nvim/runtime/lua/vim/treesitter/languagetree.lua , size = 27.647 KB
[14:56:28.734][info] [#0:script/workspace/loading.lua:113]: ++++As library of:	file:///opt/homebrew/Cellar/neovim/0.9.4/share/nvim/runtime/lua
[14:56:28.734][info] [#0:script/workspace/loading.lua:98]: Skip loaded file: file:///opt/homebrew/Cellar/neovim/0.9.4/share/nvim/runtime/lua/vim/treesitter/languagetree.lua
[14:56:28.734][info] [#0:script/workspace/loading.lua:101]: Preload file at: file:///opt/homebrew/Cellar/neovim/0.9.4/share/nvim/runtime/lua/vim/treesitter/playground.lua , size = 12.562 KB
[14:56:28.737][info] [#0:script/workspace/loading.lua:113]: ++++As library of:	file:///opt/homebrew/Cellar/neovim/0.9.4/share/nvim/runtime/lua
[14:56:28.737][info] [#0:script/workspace/loading.lua:98]: Skip loaded file: file:///opt/homebrew/Cellar/neovim/0.9.4/share/nvim/runtime/lua/vim/treesitter/playground.lua
[14:56:28.737][info] [#0:script/workspace/loading.lua:101]: Preload file at: file:///opt/homebrew/Cellar/neovim/0.9.4/share/nvim/runtime/lua/vim/treesitter/language.lua , size = 3.558 KB
[14:56:28.742][info] [#0:script/workspace/loading.lua:113]: ++++As library of:	file:///opt/homebrew/Cellar/neovim/0.9.4/share/nvim/runtime/lua
[14:56:28.742][info] [#0:script/workspace/loading.lua:98]: Skip loaded file: file:///opt/homebrew/Cellar/neovim/0.9.4/share/nvim/runtime/lua/vim/treesitter/language.lua
[14:56:28.742][info] [#0:script/workspace/loading.lua:101]: Preload file at: file:///opt/homebrew/Cellar/neovim/0.9.4/share/nvim/runtime/lua/vim/treesitter/query.lua , size = 21.253 KB
[14:56:28.747][info] [#0:script/workspace/loading.lua:113]: ++++As library of:	file:///opt/homebrew/Cellar/neovim/0.9.4/share/nvim/runtime/lua
[14:56:28.747][info] [#0:script/workspace/loading.lua:98]: Skip loaded file: file:///opt/homebrew/Cellar/neovim/0.9.4/share/nvim/runtime/lua/vim/treesitter/query.lua
[14:56:28.747][info] [#0:script/workspace/loading.lua:101]: Preload file at: file:///opt/homebrew/Cellar/neovim/0.9.4/share/nvim/runtime/lua/vim/treesitter/highlighter.lua , size = 8.781 KB
[14:56:28.750][info] [#0:script/workspace/loading.lua:113]: ++++As library of:	file:///opt/homebrew/Cellar/neovim/0.9.4/share/nvim/runtime/lua
[14:56:28.750][info] [#0:script/workspace/loading.lua:98]: Skip loaded file: file:///opt/homebrew/Cellar/neovim/0.9.4/share/nvim/runtime/lua/vim/treesitter/highlighter.lua
[14:56:28.750][info] [#0:script/workspace/loading.lua:101]: Preload file at: file:///opt/homebrew/Cellar/neovim/0.9.4/share/nvim/runtime/lua/vim/health.lua , size = 1.782 KB
[14:56:28.751][info] [#0:script/workspace/loading.lua:113]: ++++As library of:	file:///opt/homebrew/Cellar/neovim/0.9.4/share/nvim/runtime/lua
[14:56:28.751][info] [#0:script/workspace/loading.lua:98]: Skip loaded file: file:///opt/homebrew/Cellar/neovim/0.9.4/share/nvim/runtime/lua/vim/health.lua
[14:56:28.751][info] [#0:script/workspace/loading.lua:101]: Preload file at: file:///opt/homebrew/Cellar/neovim/0.9.4/share/nvim/runtime/lua/vim/keymap.lua , size = 3.573 KB
[14:56:28.752][info] [#0:script/workspace/loading.lua:113]: ++++As library of:	file:///opt/homebrew/Cellar/neovim/0.9.4/share/nvim/runtime/lua
[14:56:28.752][info] [#0:script/workspace/loading.lua:98]: Skip loaded file: file:///opt/homebrew/Cellar/neovim/0.9.4/share/nvim/runtime/lua/vim/keymap.lua
[14:56:28.752][info] [#0:script/workspace/loading.lua:101]: Preload file at: file:///opt/homebrew/Cellar/neovim/0.9.4/share/nvim/runtime/lua/vim/secure.lua , size = 4.830 KB
[14:56:28.753][info] [#0:script/workspace/loading.lua:113]: ++++As library of:	file:///opt/homebrew/Cellar/neovim/0.9.4/share/nvim/runtime/lua
[14:56:28.753][info] [#0:script/workspace/loading.lua:98]: Skip loaded file: file:///opt/homebrew/Cellar/neovim/0.9.4/share/nvim/runtime/lua/vim/secure.lua
[14:56:28.753][info] [#0:script/workspace/loading.lua:101]: Preload file at: file:///opt/homebrew/Cellar/neovim/0.9.4/share/nvim/runtime/lua/vim/_editor.lua , size = 29.364 KB
[14:56:28.761][info] [#0:script/workspace/loading.lua:113]: ++++As library of:	file:///opt/homebrew/Cellar/neovim/0.9.4/share/nvim/runtime/lua
[14:56:28.761][info] [#0:script/workspace/loading.lua:98]: Skip loaded file: file:///opt/homebrew/Cellar/neovim/0.9.4/share/nvim/runtime/lua/vim/_editor.lua
[14:56:28.761][info] [#0:script/workspace/loading.lua:101]: Preload file at: file:///opt/homebrew/Cellar/neovim/0.9.4/share/nvim/runtime/lua/vim/highlight.lua , size = 3.749 KB
[14:56:28.762][info] [#0:script/workspace/loading.lua:113]: ++++As library of:	file:///opt/homebrew/Cellar/neovim/0.9.4/share/nvim/runtime/lua
[14:56:28.762][info] [#0:script/workspace/loading.lua:98]: Skip loaded file: file:///opt/homebrew/Cellar/neovim/0.9.4/share/nvim/runtime/lua/vim/highlight.lua
[14:56:28.762][info] [#0:script/workspace/loading.lua:101]: Preload file at: file:///opt/homebrew/Cellar/neovim/0.9.4/share/nvim/runtime/lua/vim/lsp/diagnostic.lua , size = 8.867 KB
[14:56:28.764][info] [#0:script/workspace/loading.lua:113]: ++++As library of:	file:///opt/homebrew/Cellar/neovim/0.9.4/share/nvim/runtime/lua
[14:56:28.764][info] [#0:script/workspace/loading.lua:98]: Skip loaded file: file:///opt/homebrew/Cellar/neovim/0.9.4/share/nvim/runtime/lua/vim/lsp/diagnostic.lua
[14:56:28.764][info] [#0:script/workspace/loading.lua:101]: Preload file at: file:///opt/homebrew/Cellar/neovim/0.9.4/share/nvim/runtime/lua/vim/lsp/protocol.lua , size = 28.367 KB
[14:56:28.767][info] [#0:script/workspace/loading.lua:113]: ++++As library of:	file:///opt/homebrew/Cellar/neovim/0.9.4/share/nvim/runtime/lua
[14:56:28.767][info] [#0:script/workspace/loading.lua:98]: Skip loaded file: file:///opt/homebrew/Cellar/neovim/0.9.4/share/nvim/runtime/lua/vim/lsp/protocol.lua
[14:56:28.767][info] [#0:script/workspace/loading.lua:101]: Preload file at: file:///opt/homebrew/Cellar/neovim/0.9.4/share/nvim/runtime/lua/vim/lsp/health.lua , size = 1.240 KB
[14:56:28.768][info] [#0:script/workspace/loading.lua:113]: ++++As library of:	file:///opt/homebrew/Cellar/neovim/0.9.4/share/nvim/runtime/lua
[14:56:28.768][info] [#0:script/workspace/loading.lua:98]: Skip loaded file: file:///opt/homebrew/Cellar/neovim/0.9.4/share/nvim/runtime/lua/vim/lsp/health.lua
[14:56:28.768][info] [#0:script/workspace/loading.lua:101]: Preload file at: file:///opt/homebrew/Cellar/neovim/0.9.4/share/nvim/runtime/lua/vim/lsp/codelens.lua , size = 8.554 KB
[14:56:28.770][info] [#0:script/workspace/loading.lua:113]: ++++As library of:	file:///opt/homebrew/Cellar/neovim/0.9.4/share/nvim/runtime/lua
[14:56:28.770][info] [#0:script/workspace/loading.lua:98]: Skip loaded file: file:///opt/homebrew/Cellar/neovim/0.9.4/share/nvim/runtime/lua/vim/lsp/codelens.lua
[14:56:28.770][info] [#0:script/workspace/loading.lua:101]: Preload file at: file:///opt/homebrew/Cellar/neovim/0.9.4/share/nvim/runtime/lua/vim/lsp/_watchfiles.lua , size = 9.692 KB
[14:56:28.773][info] [#0:script/workspace/loading.lua:113]: ++++As library of:	file:///opt/homebrew/Cellar/neovim/0.9.4/share/nvim/runtime/lua
[14:56:28.773][info] [#0:script/workspace/loading.lua:89]: Skip loaded file: file:///opt/homebrew/Cellar/neovim/0.9.4/share/nvim/runtime/lua/vim/lsp/_watchfiles.lua
[14:56:28.773][info] [#0:script/workspace/loading.lua:113]: ++++As library of:	file:///opt/homebrew/Cellar/neovim/0.9.4/share/nvim/runtime/lua
[14:56:28.773][info] [#0:script/workspace/loading.lua:101]: Preload file at: file:///opt/homebrew/Cellar/neovim/0.9.4/share/nvim/runtime/lua/vim/lsp/sync.lua , size = 15.681 KB
[14:56:28.776][info] [#0:script/workspace/loading.lua:113]: ++++As library of:	file:///opt/homebrew/Cellar/neovim/0.9.4/share/nvim/runtime/lua
[14:56:28.776][info] [#0:script/workspace/loading.lua:98]: Skip loaded file: file:///opt/homebrew/Cellar/neovim/0.9.4/share/nvim/runtime/lua/vim/lsp/sync.lua
[14:56:28.776][info] [#0:script/workspace/loading.lua:101]: Preload file at: file:///opt/homebrew/Cellar/neovim/0.9.4/share/nvim/runtime/lua/vim/lsp/log.lua , size = 5.151 KB
[14:56:28.777][info] [#0:script/workspace/loading.lua:113]: ++++As library of:	file:///opt/homebrew/Cellar/neovim/0.9.4/share/nvim/runtime/lua
[14:56:28.777][info] [#0:script/workspace/loading.lua:98]: Skip loaded file: file:///opt/homebrew/Cellar/neovim/0.9.4/share/nvim/runtime/lua/vim/lsp/log.lua
[14:56:28.777][info] [#0:script/workspace/loading.lua:101]: Preload file at: file:///opt/homebrew/Cellar/neovim/0.9.4/share/nvim/runtime/lua/vim/lsp/types.lua , size = 0.924 KB
[14:56:28.778][info] [#0:script/workspace/loading.lua:113]: ++++As library of:	file:///opt/homebrew/Cellar/neovim/0.9.4/share/nvim/runtime/lua
[14:56:28.778][info] [#0:script/workspace/loading.lua:98]: Skip loaded file: file:///opt/homebrew/Cellar/neovim/0.9.4/share/nvim/runtime/lua/vim/lsp/types.lua
[14:56:28.778][info] [#0:script/workspace/loading.lua:101]: Preload file at: file:///opt/homebrew/Cellar/neovim/0.9.4/share/nvim/runtime/lua/vim/lsp/util.lua , size = 70.764 KB
[14:56:28.799][info] [#0:script/workspace/loading.lua:113]: ++++As library of:	file:///opt/homebrew/Cellar/neovim/0.9.4/share/nvim/runtime/lua
[14:56:28.799][info] [#0:script/workspace/loading.lua:89]: Skip loaded file: file:///opt/homebrew/Cellar/neovim/0.9.4/share/nvim/runtime/lua/vim/lsp/util.lua
[14:56:28.799][info] [#0:script/workspace/loading.lua:113]: ++++As library of:	file:///opt/homebrew/Cellar/neovim/0.9.4/share/nvim/runtime/lua
[14:56:28.800][info] [#0:script/workspace/loading.lua:101]: Preload file at: file:///opt/homebrew/Cellar/neovim/0.9.4/share/nvim/runtime/lua/vim/lsp/buf.lua , size = 27.969 KB
[14:56:28.805][info] [#0:script/workspace/loading.lua:113]: ++++As library of:	file:///opt/homebrew/Cellar/neovim/0.9.4/share/nvim/runtime/lua
[14:56:28.805][info] [#0:script/workspace/loading.lua:98]: Skip loaded file: file:///opt/homebrew/Cellar/neovim/0.9.4/share/nvim/runtime/lua/vim/lsp/buf.lua
[14:56:28.805][info] [#0:script/workspace/loading.lua:101]: Preload file at: file:///opt/homebrew/Cellar/neovim/0.9.4/share/nvim/runtime/lua/vim/lsp/_snippet.lua , size = 10.744 KB
[14:56:28.809][info] [#0:script/workspace/loading.lua:113]: ++++As library of:	file:///opt/homebrew/Cellar/neovim/0.9.4/share/nvim/runtime/lua
[14:56:28.809][info] [#0:script/workspace/loading.lua:98]: Skip loaded file: file:///opt/homebrew/Cellar/neovim/0.9.4/share/nvim/runtime/lua/vim/lsp/_snippet.lua
[14:56:28.809][info] [#0:script/workspace/loading.lua:101]: Preload file at: file:///opt/homebrew/Cellar/neovim/0.9.4/share/nvim/runtime/lua/vim/lsp/handlers.lua , size = 23.587 KB
[14:56:28.814][info] [#0:script/workspace/loading.lua:113]: ++++As library of:	file:///opt/homebrew/Cellar/neovim/0.9.4/share/nvim/runtime/lua
[14:56:28.814][info] [#0:script/workspace/loading.lua:98]: Skip loaded file: file:///opt/homebrew/Cellar/neovim/0.9.4/share/nvim/runtime/lua/vim/lsp/handlers.lua
[14:56:28.814][info] [#0:script/workspace/loading.lua:101]: Preload file at: file:///opt/homebrew/Cellar/neovim/0.9.4/share/nvim/runtime/lua/vim/lsp/rpc.lua , size = 23.695 KB
[14:56:28.820][info] [#0:script/workspace/loading.lua:113]: ++++As library of:	file:///opt/homebrew/Cellar/neovim/0.9.4/share/nvim/runtime/lua
[14:56:28.820][info] [#0:script/workspace/loading.lua:98]: Skip loaded file: file:///opt/homebrew/Cellar/neovim/0.9.4/share/nvim/runtime/lua/vim/lsp/rpc.lua
[14:56:28.820][info] [#0:script/workspace/loading.lua:101]: Preload file at: file:///opt/homebrew/Cellar/neovim/0.9.4/share/nvim/runtime/lua/vim/lsp/semantic_tokens.lua , size = 25.936 KB
[14:56:28.826][info] [#0:script/workspace/loading.lua:113]: ++++As library of:	file:///opt/homebrew/Cellar/neovim/0.9.4/share/nvim/runtime/lua
[14:56:28.826][info] [#0:script/workspace/loading.lua:98]: Skip loaded file: file:///opt/homebrew/Cellar/neovim/0.9.4/share/nvim/runtime/lua/vim/lsp/semantic_tokens.lua
[14:56:28.826][info] [#0:script/workspace/loading.lua:101]: Preload file at: file:///opt/homebrew/Cellar/neovim/0.9.4/share/nvim/runtime/lua/vim/lsp/tagfunc.lua , size = 2.339 KB
[14:56:28.826][info] [#0:script/workspace/loading.lua:113]: ++++As library of:	file:///opt/homebrew/Cellar/neovim/0.9.4/share/nvim/runtime/lua
[14:56:28.826][info] [#0:script/workspace/loading.lua:98]: Skip loaded file: file:///opt/homebrew/Cellar/neovim/0.9.4/share/nvim/runtime/lua/vim/lsp/tagfunc.lua
[14:56:28.826][info] [#0:script/workspace/loading.lua:101]: Preload file at: file:///opt/homebrew/Cellar/neovim/0.9.4/share/nvim/runtime/lua/vim/fs.lua , size = 10.702 KB
[14:56:28.829][info] [#0:script/workspace/loading.lua:113]: ++++As library of:	file:///opt/homebrew/Cellar/neovim/0.9.4/share/nvim/runtime/lua
[14:56:28.829][info] [#0:script/workspace/loading.lua:98]: Skip loaded file: file:///opt/homebrew/Cellar/neovim/0.9.4/share/nvim/runtime/lua/vim/fs.lua
[14:56:28.829][info] [#0:script/workspace/loading.lua:101]: Preload file at: file:///opt/homebrew/Cellar/neovim/0.9.4/share/nvim/runtime/lua/vim/inspect.lua , size = 8.864 KB
[14:56:28.832][info] [#0:script/workspace/loading.lua:113]: ++++As library of:	file:///opt/homebrew/Cellar/neovim/0.9.4/share/nvim/runtime/lua
[14:56:28.832][info] [#0:script/workspace/loading.lua:98]: Skip loaded file: file:///opt/homebrew/Cellar/neovim/0.9.4/share/nvim/runtime/lua/vim/inspect.lua
[14:56:28.832][info] [#0:script/workspace/loading.lua:101]: Preload file at: file:///opt/homebrew/Cellar/neovim/0.9.4/share/nvim/runtime/lua/vim/lsp.lua , size = 82.377 KB
[14:56:28.849][info] [#0:script/workspace/loading.lua:113]: ++++As library of:	file:///opt/homebrew/Cellar/neovim/0.9.4/share/nvim/runtime/lua
[14:56:28.849][info] [#0:script/workspace/loading.lua:98]: Skip loaded file: file:///opt/homebrew/Cellar/neovim/0.9.4/share/nvim/runtime/lua/vim/lsp.lua
[14:56:28.849][info] [#0:script/workspace/loading.lua:101]: Preload file at: file:///opt/homebrew/Cellar/neovim/0.9.4/share/nvim/runtime/lua/vim/filetype/detect.lua , size = 47.659 KB
[14:56:28.860][info] [#0:script/workspace/loading.lua:113]: ++++As library of:	file:///opt/homebrew/Cellar/neovim/0.9.4/share/nvim/runtime/lua
[14:56:28.860][info] [#0:script/workspace/loading.lua:98]: Skip loaded file: file:///opt/homebrew/Cellar/neovim/0.9.4/share/nvim/runtime/lua/vim/filetype/detect.lua
[14:56:28.860][info] [#0:script/workspace/loading.lua:101]: Preload file at: file:///opt/homebrew/Cellar/neovim/0.9.4/share/nvim/runtime/lua/vim/filetype/options.lua , size = 2.561 KB
[14:56:28.861][info] [#0:script/workspace/loading.lua:113]: ++++As library of:	file:///opt/homebrew/Cellar/neovim/0.9.4/share/nvim/runtime/lua
[14:56:28.861][info] [#0:script/workspace/loading.lua:98]: Skip loaded file: file:///opt/homebrew/Cellar/neovim/0.9.4/share/nvim/runtime/lua/vim/filetype/options.lua
[14:56:28.861][info] [#0:script/workspace/loading.lua:101]: Preload file at: file:///opt/homebrew/Cellar/neovim/0.9.4/share/nvim/runtime/lua/vim/_options.lua , size = 12.261 KB
[14:56:28.872][info] [#0:script/workspace/loading.lua:113]: ++++As library of:	file:///opt/homebrew/Cellar/neovim/0.9.4/share/nvim/runtime/lua
[14:56:28.872][info] [#0:script/workspace/loading.lua:101]: Preload file at: file:///opt/homebrew/Cellar/neovim/0.9.4/share/nvim/runtime/lua/vim/version.lua , size = 12.146 KB
[14:56:28.876][info] [#0:script/workspace/loading.lua:113]: ++++As library of:	file:///opt/homebrew/Cellar/neovim/0.9.4/share/nvim/runtime/lua
[14:56:28.876][info] [#0:script/workspace/loading.lua:98]: Skip loaded file: file:///opt/homebrew/Cellar/neovim/0.9.4/share/nvim/runtime/lua/vim/_options.lua
[14:56:28.876][info] [#0:script/workspace/loading.lua:98]: Skip loaded file: file:///opt/homebrew/Cellar/neovim/0.9.4/share/nvim/runtime/lua/vim/version.lua
[14:56:28.876][info] [#0:script/workspace/loading.lua:101]: Preload file at: file:///opt/homebrew/Cellar/neovim/0.9.4/share/nvim/runtime/lua/vim/uri.lua , size = 3.376 KB
[14:56:28.877][info] [#0:script/workspace/loading.lua:113]: ++++As library of:	file:///opt/homebrew/Cellar/neovim/0.9.4/share/nvim/runtime/lua
[14:56:28.877][info] [#0:script/workspace/loading.lua:98]: Skip loaded file: file:///opt/homebrew/Cellar/neovim/0.9.4/share/nvim/runtime/lua/vim/uri.lua
[14:56:28.877][info] [#0:script/workspace/loading.lua:101]: Preload file at: file:///opt/homebrew/Cellar/neovim/0.9.4/share/nvim/runtime/lua/vim/treesitter.lua , size = 15.225 KB
[14:56:28.881][info] [#0:script/workspace/loading.lua:113]: ++++As library of:	file:///opt/homebrew/Cellar/neovim/0.9.4/share/nvim/runtime/lua
[14:56:28.881][info] [#0:script/workspace/loading.lua:89]: Skip loaded file: file:///opt/homebrew/Cellar/neovim/0.9.4/share/nvim/runtime/lua/vim/treesitter.lua
[14:56:28.881][info] [#0:script/workspace/loading.lua:113]: ++++As library of:	file:///opt/homebrew/Cellar/neovim/0.9.4/share/nvim/runtime/lua
[14:56:28.881][info] [#0:script/workspace/loading.lua:101]: Preload file at: file:///opt/homebrew/Cellar/neovim/0.9.4/share/nvim/runtime/lua/vim/ui.lua , size = 3.672 KB
[14:56:28.882][info] [#0:script/workspace/loading.lua:113]: ++++As library of:	file:///opt/homebrew/Cellar/neovim/0.9.4/share/nvim/runtime/lua
[14:56:28.882][info] [#0:script/workspace/loading.lua:98]: Skip loaded file: file:///opt/homebrew/Cellar/neovim/0.9.4/share/nvim/runtime/lua/vim/ui.lua
[14:56:28.882][info] [#0:script/workspace/loading.lua:101]: Preload file at: file:///opt/homebrew/Cellar/neovim/0.9.4/share/nvim/runtime/lua/vim/_init_packages.lua , size = 2.773 KB
[14:56:28.883][info] [#0:script/workspace/loading.lua:113]: ++++As library of:	file:///opt/homebrew/Cellar/neovim/0.9.4/share/nvim/runtime/lua
[14:56:28.883][info] [#0:script/workspace/loading.lua:98]: Skip loaded file: file:///opt/homebrew/Cellar/neovim/0.9.4/share/nvim/runtime/lua/vim/_init_packages.lua
[14:56:28.883][info] [#0:script/workspace/loading.lua:101]: Preload file at: file:///opt/homebrew/Cellar/neovim/0.9.4/share/nvim/runtime/lua/vim/filetype.lua , size = 74.400 KB
[14:56:28.899][info] [#0:script/workspace/loading.lua:113]: ++++As library of:	file:///opt/homebrew/Cellar/neovim/0.9.4/share/nvim/runtime/lua
[14:56:28.899][info] [#0:script/workspace/loading.lua:98]: Skip loaded file: file:///opt/homebrew/Cellar/neovim/0.9.4/share/nvim/runtime/lua/vim/filetype.lua
[14:56:28.899][info] [#0:script/workspace/loading.lua:101]: Preload file at: file:///opt/homebrew/Cellar/neovim/0.9.4/share/nvim/runtime/lua/vim/_watch.lua , size = 5.387 KB
[14:56:28.900][info] [#0:script/workspace/loading.lua:113]: ++++As library of:	file:///opt/homebrew/Cellar/neovim/0.9.4/share/nvim/runtime/lua
[14:56:28.900][info] [#0:script/workspace/loading.lua:98]: Skip loaded file: file:///opt/homebrew/Cellar/neovim/0.9.4/share/nvim/runtime/lua/vim/_watch.lua
[14:56:28.900][info] [#0:script/workspace/loading.lua:101]: Preload file at: file:///opt/homebrew/Cellar/neovim/0.9.4/share/nvim/runtime/lua/vim/F.lua , size = 0.824 KB
[14:56:28.901][info] [#0:script/workspace/loading.lua:113]: ++++As library of:	file:///opt/homebrew/Cellar/neovim/0.9.4/share/nvim/runtime/lua
[14:56:28.901][info] [#0:script/workspace/loading.lua:98]: Skip loaded file: file:///opt/homebrew/Cellar/neovim/0.9.4/share/nvim/runtime/lua/vim/F.lua
[14:56:28.901][info] [#0:script/workspace/loading.lua:101]: Preload file at: file:///opt/homebrew/Cellar/neovim/0.9.4/share/nvim/runtime/lua/nvim/health.lua , size = 12.706 KB
[14:56:28.904][info] [#0:script/workspace/loading.lua:113]: ++++As library of:	file:///opt/homebrew/Cellar/neovim/0.9.4/share/nvim/runtime/lua
[14:56:28.904][info] [#0:script/workspace/loading.lua:98]: Skip loaded file: file:///opt/homebrew/Cellar/neovim/0.9.4/share/nvim/runtime/lua/nvim/health.lua
[14:56:28.904][info] [#0:script/workspace/loading.lua:101]: Preload file at: file:///opt/homebrew/Cellar/neovim/0.9.4/share/nvim/runtime/lua/man.lua , size = 25.082 KB
[14:56:28.911][info] [#0:script/workspace/loading.lua:113]: ++++As library of:	file:///opt/homebrew/Cellar/neovim/0.9.4/share/nvim/runtime/lua
[14:56:28.911][info] [#0:script/workspace/loading.lua:98]: Skip loaded file: file:///opt/homebrew/Cellar/neovim/0.9.4/share/nvim/runtime/lua/man.lua
[14:56:28.911][info] [#0:script/workspace/loading.lua:101]: Preload file at: file:///opt/homebrew/Cellar/neovim/0.9.4/share/nvim/runtime/lua/_vim9script.lua , size = 15.439 KB
[14:56:28.915][info] [#0:script/workspace/loading.lua:113]: ++++As library of:	file:///opt/homebrew/Cellar/neovim/0.9.4/share/nvim/runtime/lua
[14:56:28.915][info] [#0:script/workspace/loading.lua:98]: Skip loaded file: file:///opt/homebrew/Cellar/neovim/0.9.4/share/nvim/runtime/lua/_vim9script.lua
[14:56:28.915][info] [#0:script/workspace/loading.lua:101]: Preload file at: file:///opt/homebrew/Cellar/neovim/0.9.4/share/nvim/runtime/lua/editorconfig.lua , size = 7.479 KB
[14:56:28.917][info] [#0:script/workspace/loading.lua:113]: ++++As library of:	file:///opt/homebrew/Cellar/neovim/0.9.4/share/nvim/runtime/lua
[14:56:28.917][info] [#0:script/workspace/loading.lua:98]: Skip loaded file: file:///opt/homebrew/Cellar/neovim/0.9.4/share/nvim/runtime/lua/editorconfig.lua
[14:56:28.917][info] [#0:script/workspace/loading.lua:101]: Preload file at: file:///Users/james/.config/coc/extensions/coc-sumneko-lua-data/sumneko-lua-ls/extension/server/meta/Lua%205.4%20en-us%20utf8/debug.lua , size = 7.637 KB
[14:56:28.920][info] [#0:script/workspace/loading.lua:113]: ++++As library of:	file:///Users/james/.config/coc/extensions/coc-sumneko-lua-data/sumneko-lua-ls/extension/server/meta/Lua%205.4%20en-us%20utf8/debug.lua
[14:56:28.920][info] [#0:script/workspace/loading.lua:98]: Skip loaded file: file:///Users/james/.config/coc/extensions/coc-sumneko-lua-data/sumneko-lua-ls/extension/server/meta/Lua%205.4%20en-us%20utf8/debug.lua
[14:56:28.920][info] [#0:script/workspace/loading.lua:101]: Preload file at: file:///Users/james/.config/coc/extensions/coc-sumneko-lua-data/sumneko-lua-ls/extension/server/meta/Lua%205.4%20en-us%20utf8/package.lua , size = 2.944 KB
[14:56:28.920][info] [#0:script/workspace/loading.lua:113]: ++++As library of:	file:///Users/james/.config/coc/extensions/coc-sumneko-lua-data/sumneko-lua-ls/extension/server/meta/Lua%205.4%20en-us%20utf8/package.lua
[14:56:28.920][info] [#0:script/workspace/loading.lua:98]: Skip loaded file: file:///Users/james/.config/coc/extensions/coc-sumneko-lua-data/sumneko-lua-ls/extension/server/meta/Lua%205.4%20en-us%20utf8/package.lua
[14:56:28.920][info] [#0:script/workspace/loading.lua:101]: Preload file at: file:///Users/james/.config/coc/extensions/coc-sumneko-lua-data/sumneko-lua-ls/extension/server/meta/Lua%205.4%20en-us%20utf8/table.lua , size = 4.230 KB
[14:56:28.922][info] [#0:script/workspace/loading.lua:113]: ++++As library of:	file:///Users/james/.config/coc/extensions/coc-sumneko-lua-data/sumneko-lua-ls/extension/server/meta/Lua%205.4%20en-us%20utf8/table.lua
[14:56:28.922][info] [#0:script/workspace/loading.lua:98]: Skip loaded file: file:///Users/james/.config/coc/extensions/coc-sumneko-lua-data/sumneko-lua-ls/extension/server/meta/Lua%205.4%20en-us%20utf8/table.lua
[14:56:28.922][info] [#0:script/workspace/loading.lua:101]: Preload file at: file:///Users/james/.config/coc/extensions/coc-sumneko-lua-data/sumneko-lua-ls/extension/server/meta/Lua%205.4%20en-us%20utf8/utf8.lua , size = 2.386 KB
[14:56:28.922][info] [#0:script/workspace/loading.lua:113]: ++++As library of:	file:///Users/james/.config/coc/extensions/coc-sumneko-lua-data/sumneko-lua-ls/extension/server/meta/Lua%205.4%20en-us%20utf8/utf8.lua
[14:56:28.922][info] [#0:script/workspace/loading.lua:98]: Skip loaded file: file:///Users/james/.config/coc/extensions/coc-sumneko-lua-data/sumneko-lua-ls/extension/server/meta/Lua%205.4%20en-us%20utf8/utf8.lua
[14:56:28.922][info] [#0:script/workspace/loading.lua:101]: Preload file at: file:///Users/james/.config/coc/extensions/coc-sumneko-lua-data/sumneko-lua-ls/extension/server/meta/Lua%205.4%20en-us%20utf8/math.lua , size = 8.509 KB
[14:56:28.925][info] [#0:script/workspace/loading.lua:113]: ++++As library of:	file:///Users/james/.config/coc/extensions/coc-sumneko-lua-data/sumneko-lua-ls/extension/server/meta/Lua%205.4%20en-us%20utf8/math.lua
[14:56:28.925][info] [#0:script/workspace/loading.lua:98]: Skip loaded file: file:///Users/james/.config/coc/extensions/coc-sumneko-lua-data/sumneko-lua-ls/extension/server/meta/Lua%205.4%20en-us%20utf8/math.lua
[14:56:28.925][info] [#0:script/workspace/loading.lua:101]: Preload file at: file:///Users/james/.config/coc/extensions/coc-sumneko-lua-data/sumneko-lua-ls/extension/server/meta/Lua%205.4%20en-us%20utf8/basic.lua , size = 15.377 KB
[14:56:28.928][info] [#0:script/workspace/loading.lua:113]: ++++As library of:	file:///Users/james/.config/coc/extensions/coc-sumneko-lua-data/sumneko-lua-ls/extension/server/meta/Lua%205.4%20en-us%20utf8/basic.lua
[14:56:28.928][info] [#0:script/workspace/loading.lua:98]: Skip loaded file: file:///Users/james/.config/coc/extensions/coc-sumneko-lua-data/sumneko-lua-ls/extension/server/meta/Lua%205.4%20en-us%20utf8/basic.lua
[14:56:28.928][info] [#0:script/workspace/loading.lua:101]: Preload file at: file:///Users/james/.config/coc/extensions/coc-sumneko-lua-data/sumneko-lua-ls/extension/server/meta/Lua%205.4%20en-us%20utf8/string.lua , size = 6.341 KB
[14:56:28.930][info] [#0:script/workspace/loading.lua:113]: ++++As library of:	file:///Users/james/.config/coc/extensions/coc-sumneko-lua-data/sumneko-lua-ls/extension/server/meta/Lua%205.4%20en-us%20utf8/string.lua
[14:56:28.930][info] [#0:script/workspace/loading.lua:89]: Skip loaded file: file:///Users/james/.config/coc/extensions/coc-sumneko-lua-data/sumneko-lua-ls/extension/server/meta/Lua%205.4%20en-us%20utf8/string.lua
[14:56:28.930][info] [#0:script/workspace/loading.lua:113]: ++++As library of:	file:///Users/james/.config/coc/extensions/coc-sumneko-lua-data/sumneko-lua-ls/extension/server/meta/Lua%205.4%20en-us%20utf8/string.lua
[14:56:28.930][info] [#0:script/workspace/loading.lua:101]: Preload file at: file:///Users/james/.config/coc/extensions/coc-sumneko-lua-data/neodev/types/nightly/lua.lua , size = 15.059 KB
[14:56:28.932][info] [#0:script/workspace/loading.lua:113]: ++++As library of:	file:///Users/james/.config/coc/extensions/coc-sumneko-lua-data/neodev/types/nightly
[14:56:28.932][info] [#0:script/workspace/loading.lua:98]: Skip loaded file: file:///Users/james/.config/coc/extensions/coc-sumneko-lua-data/neodev/types/nightly/lua.lua
[14:56:28.932][info] [#0:script/workspace/loading.lua:101]: Preload file at: file:///Users/james/.config/coc/extensions/coc-sumneko-lua-data/neodev/types/nightly/vim.lua , size = 1.169 KB
[14:56:28.933][info] [#0:script/workspace/loading.lua:113]: ++++As library of:	file:///Users/james/.config/coc/extensions/coc-sumneko-lua-data/neodev/types/nightly
[14:56:28.933][info] [#0:script/workspace/loading.lua:98]: Skip loaded file: file:///Users/james/.config/coc/extensions/coc-sumneko-lua-data/neodev/types/nightly/vim.lua
[14:56:28.933][info] [#0:script/workspace/loading.lua:101]: Preload file at: file:///Users/james/.config/coc/extensions/coc-sumneko-lua-data/neodev/types/nightly/uv.lua , size = 130.388 KB
[14:56:28.972][info] [#0:script/workspace/loading.lua:113]: ++++As library of:	file:///Users/james/.config/coc/extensions/coc-sumneko-lua-data/neodev/types/nightly
[14:56:28.973][info] [#0:script/workspace/loading.lua:98]: Skip loaded file: file:///Users/james/.config/coc/extensions/coc-sumneko-lua-data/neodev/types/nightly/uv.lua
[14:56:28.973][info] [#0:script/workspace/loading.lua:101]: Preload file at: file:///Users/james/.config/coc/extensions/coc-sumneko-lua-data/neodev/types/nightly/options.3.lua , size = 114.325 KB
[14:56:28.990][info] [#0:script/workspace/loading.lua:113]: ++++As library of:	file:///Users/james/.config/coc/extensions/coc-sumneko-lua-data/neodev/types/nightly
[14:56:28.990][info] [#0:script/workspace/loading.lua:98]: Skip loaded file: file:///Users/james/.config/coc/extensions/coc-sumneko-lua-data/neodev/types/nightly/options.3.lua
[14:56:28.990][info] [#0:script/workspace/loading.lua:101]: Preload file at: file:///Users/james/.config/coc/extensions/coc-sumneko-lua-data/neodev/types/nightly/options.2.lua , size = 200.504 KB
[14:56:29.022][info] [#0:script/workspace/loading.lua:113]: ++++As library of:	file:///Users/james/.config/coc/extensions/coc-sumneko-lua-data/neodev/types/nightly
[14:56:29.022][info] [#0:script/workspace/loading.lua:89]: Skip loaded file: file:///Users/james/.config/coc/extensions/coc-sumneko-lua-data/neodev/types/nightly/options.2.lua
[14:56:29.022][info] [#0:script/workspace/loading.lua:113]: ++++As library of:	file:///Users/james/.config/coc/extensions/coc-sumneko-lua-data/neodev/types/nightly
[14:56:29.022][info] [#0:script/workspace/loading.lua:89]: Skip loaded file: file:///Users/james/.config/nvim/lua/settings.lua
[14:56:29.128][info] [#0:script/workspace/loading.lua:101]: Preload file at: file:///Users/james/.config/coc/extensions/coc-sumneko-lua-data/neodev/types/nightly/options.1.lua , size = 200.380 KB
[14:56:29.163][info] [#0:script/workspace/loading.lua:113]: ++++As library of:	file:///Users/james/.config/coc/extensions/coc-sumneko-lua-data/neodev/types/nightly
[14:56:29.163][info] [#0:script/workspace/loading.lua:98]: Skip loaded file: file:///Users/james/.config/coc/extensions/coc-sumneko-lua-data/neodev/types/nightly/options.1.lua
[14:56:29.163][info] [#0:script/workspace/loading.lua:101]: Preload file at: file:///Users/james/.config/coc/extensions/coc-sumneko-lua-data/neodev/types/nightly/vim.fn.1.lua , size = 163.562 KB
[14:56:29.188][info] [#0:script/workspace/loading.lua:113]: ++++As library of:	file:///Users/james/.config/coc/extensions/coc-sumneko-lua-data/neodev/types/nightly
[14:56:29.188][info] [#0:script/workspace/loading.lua:98]: Skip loaded file: file:///Users/james/.config/coc/extensions/coc-sumneko-lua-data/neodev/types/nightly/vim.fn.1.lua
[14:56:29.188][info] [#0:script/workspace/loading.lua:101]: Preload file at: file:///Users/james/.config/coc/extensions/coc-sumneko-lua-data/neodev/types/nightly/vim.fn.lua , size = 200.805 KB
[14:56:29.232][info] [#0:script/workspace/loading.lua:113]: ++++As library of:	file:///Users/james/.config/coc/extensions/coc-sumneko-lua-data/neodev/types/nightly
[14:56:29.232][info] [#0:script/workspace/loading.lua:98]: Skip loaded file: file:///Users/james/.config/coc/extensions/coc-sumneko-lua-data/neodev/types/nightly/vim.fn.lua
[14:56:29.232][info] [#0:script/workspace/loading.lua:101]: Preload file at: file:///Users/james/.config/coc/extensions/coc-sumneko-lua-data/neodev/types/nightly/lpeg.lua , size = 20.371 KB
[14:56:29.235][info] [#0:script/workspace/loading.lua:113]: ++++As library of:	file:///Users/james/.config/coc/extensions/coc-sumneko-lua-data/neodev/types/nightly
[14:56:29.235][info] [#0:script/workspace/loading.lua:98]: Skip loaded file: file:///Users/james/.config/coc/extensions/coc-sumneko-lua-data/neodev/types/nightly/lpeg.lua
[14:56:29.235][info] [#0:script/workspace/loading.lua:101]: Preload file at: file:///Users/james/.config/coc/extensions/coc-sumneko-lua-data/neodev/types/nightly/cmd.lua , size = 66.965 KB
[14:56:29.253][info] [#0:script/workspace/loading.lua:113]: ++++As library of:	file:///Users/james/.config/coc/extensions/coc-sumneko-lua-data/neodev/types/nightly
[14:56:29.253][info] [#0:script/workspace/loading.lua:98]: Skip loaded file: file:///Users/james/.config/coc/extensions/coc-sumneko-lua-data/neodev/types/nightly/cmd.lua
[14:56:29.254][info] [#0:script/workspace/loading.lua:101]: Preload file at: file:///Users/james/.config/coc/extensions/coc-sumneko-lua-data/neodev/types/nightly/options.lua , size = 200.240 KB
[14:56:29.275][info] [#0:script/workspace/loading.lua:113]: ++++As library of:	file:///Users/james/.config/coc/extensions/coc-sumneko-lua-data/neodev/types/nightly
[14:56:29.275][info] [#0:script/workspace/loading.lua:98]: Skip loaded file: file:///Users/james/.config/coc/extensions/coc-sumneko-lua-data/neodev/types/nightly/options.lua
[14:56:29.275][info] [#0:script/workspace/loading.lua:101]: Preload file at: file:///Users/james/.config/coc/extensions/coc-sumneko-lua-data/neodev/types/nightly/api.lua , size = 115.493 KB
[14:56:29.290][info] [#0:script/workspace/loading.lua:113]: ++++As library of:	file:///Users/james/.config/coc/extensions/coc-sumneko-lua-data/neodev/types/nightly
[14:56:29.290][info] [#0:script/workspace/loading.lua:98]: Skip loaded file: file:///Users/james/.config/coc/extensions/coc-sumneko-lua-data/neodev/types/nightly/api.lua
[14:56:29.290][info] [#0:script/workspace/loading.lua:101]: Preload file at: file:///Users/james/.config/coc/extensions/coc-sumneko-lua-data/neodev/types/nightly/alias.lua , size = 0.217 KB
[14:56:29.291][info] [#0:script/workspace/loading.lua:113]: ++++As library of:	file:///Users/james/.config/coc/extensions/coc-sumneko-lua-data/neodev/types/nightly
[14:56:29.291][info] [#0:script/workspace/loading.lua:98]: Skip loaded file: file:///Users/james/.config/coc/extensions/coc-sumneko-lua-data/neodev/types/nightly/alias.lua
[14:56:29.291][info] [#0:script/workspace/loading.lua:101]: Preload file at: file:///Users/james/.config/coc/extensions/coc-sumneko-lua-data/sumneko-lua-ls/extension/server/meta/Lua%205.4%20en-us%20utf8/builtin.lua , size = 0.302 KB
[14:56:29.291][info] [#0:script/workspace/loading.lua:113]: ++++As library of:	file:///Users/james/.config/coc/extensions/coc-sumneko-lua-data/sumneko-lua-ls/extension/server/meta/Lua%205.4%20en-us%20utf8/builtin.lua
[14:56:29.291][info] [#0:script/workspace/loading.lua:98]: Skip loaded file: file:///Users/james/.config/coc/extensions/coc-sumneko-lua-data/sumneko-lua-ls/extension/server/meta/Lua%205.4%20en-us%20utf8/builtin.lua
[14:56:29.291][info] [#0:script/workspace/loading.lua:101]: Preload file at: file:///Users/james/.config/nvim/lua/keymappings.lua , size = 0.421 KB
[14:56:29.291][info] [#0:script/workspace/loading.lua:101]: Preload file at: file:///Users/james/.config/nvim/lua/coc.lua , size = 7.679 KB
[14:56:29.293][info] [#0:script/workspace/loading.lua:101]: Preload file at: file:///Users/james/.config/nvim/lua/colorschemes.lua , size = 0.078 KB
[14:56:29.293][info] [#0:script/workspace/loading.lua:101]: Preload file at: file:///Users/james/.config/nvim/lua/treesitter.lua , size = 0.305 KB
[14:56:29.293][info] [#0:script/workspace/loading.lua:173]: Loaded files takes [0.588] sec: <fallback>
[14:56:29.293][info] [#0:script/workspace/loading.lua:182]: Compile files takes [0.000] sec: <fallback>
[14:56:29.293][info] [#0:script/workspace/loading.lua:183]: Loaded finish:	<fallback>
[14:56:29.293][info] [#0:script/workspace/workspace.lua:381]: Preload finish at:	<fallback>
[14:56:29.304][info] [#0:script/workspace/loading.lua:173]: Loaded files takes [0.598] sec: file:///Users/james/.config/nvim/lua
[14:56:29.304][info] [#0:script/workspace/loading.lua:182]: Compile files takes [0.000] sec: file:///Users/james/.config/nvim/lua
[14:56:29.304][info] [#0:script/workspace/loading.lua:183]: Loaded finish:	file:///Users/james/.config/nvim/lua
[14:56:29.304][info] [#0:script/workspace/workspace.lua:381]: Preload finish at:	file:///Users/james/.config/nvim/lua
[14:56:29.315][warn] [#0:script/proto/proto.lua:141]: Response of [workspace/diagnostic/refresh] error [-32601]: Unhandled method workspace/diagnostic/refresh
[14:56:29.315][info] [#0:script/provider/diagnostic.lua:557]: Diagnostics scope [file:///Users/james/.config/nvim/lua], files count:[103]
[14:56:29.315][warn] [#0:script/proto/proto.lua:141]: Response of [workspace/diagnostic/refresh] error [-32601]: Unhandled method workspace/diagnostic/refresh
[14:56:29.315][warn] [#0:script/proto/proto.lua:190]: Method [textDocument/didOpen] takes [0.651]sec. {
  jsonrpc = "2.0",
  method = "textDocument/didOpen",
  params = {
    textDocument = {
      languageId = "lua",
      text = '"***"',
      uri = "file:///Users/james/.config/nvim/lua/settings.lua",
      version = 1
    }
  }
}
[14:56:29.337][info] [#0:script/provider/diagnostic.lua:574]: Diagnostics scope [file:///Users/james/.config/nvim/lua] finished, takes [0.023] sec.
